DROP INDEX trgm_idx2;
\copy test_trgm3 from 'data/trgm2.data'
ERROR:  relation "test_trgm3" does not exist
select t,strict_word_similarity('Baykal',t) as sml from test_trgm2 where 'Baykal' <<% t order by sml desc, t;
                  t                  |    sml     
-------------------------------------+------------
 Baykal                              |          1
 Boloto Baykal                       |          1
 Boloto Malyy Baykal                 |          1
 Kolkhoz Krasnyy Baykal              |          1
 Ozero Baykal                        |          1
 Polevoy Stan Baykal                 |          1
 Port Baykal                         |          1
 Prud Novyy Baykal                   |          1
 Sanatoriy Baykal                    |          1
 Stantsiya Baykal                    |          1
 Zaliv Baykal                        |          1
 Baykalo-Amurskaya Zheleznaya Doroga |  0.6666667
 Baykalovo                           | 0.54545456
 Baykalsko                           | 0.54545456
 Maloye Baykalovo                    | 0.54545456
 Baykalikha                          |        0.5
 Baykalovsk                          |        0.5
(17 rows)

select t,strict_word_similarity('Kabankala',t) as sml from test_trgm2 where 'Kabankala' <<% t order by sml desc, t;
              t               |    sml    
------------------------------+-----------
 Kabankala                    |         1
 Kabankalan City Public Plaza |      0.75
 Abankala                     | 0.5833333
 Kabakala                     | 0.5833333
(4 rows)

select t,strict_word_similarity('Baykal',t) as sml from test_trgm2 where t %>> 'Baykal' order by sml desc, t;
                  t                  |    sml     
-------------------------------------+------------
 Baykal                              |          1
 Boloto Baykal                       |          1
 Boloto Malyy Baykal                 |          1
 Kolkhoz Krasnyy Baykal              |          1
 Ozero Baykal                        |          1
 Polevoy Stan Baykal                 |          1
 Port Baykal                         |          1
 Prud Novyy Baykal                   |          1
 Sanatoriy Baykal                    |          1
 Stantsiya Baykal                    |          1
 Zaliv Baykal                        |          1
 Baykalo-Amurskaya Zheleznaya Doroga |  0.6666667
 Baykalovo                           | 0.54545456
 Baykalsko                           | 0.54545456
 Maloye Baykalovo                    | 0.54545456
 Baykalikha                          |        0.5
 Baykalovsk                          |        0.5
(17 rows)

select t,strict_word_similarity('Kabankala',t) as sml from test_trgm2 where t %>> 'Kabankala' order by sml desc, t;
              t               |    sml    
------------------------------+-----------
 Kabankala                    |         1
 Kabankalan City Public Plaza |      0.75
 Abankala                     | 0.5833333
 Kabakala                     | 0.5833333
(4 rows)

select t <->>> 'Alaikallupoddakulam', t from test_trgm2 order by t <->>> 'Alaikallupoddakulam' limit 7;
  ?column?  |            t             
------------+--------------------------
          0 | Alaikallupoddakulam
       0.25 | Alaikallupodda Alankulam
       0.32 | Alaikalluppodda Kulam
  0.6153846 | Mulaikallu Kulam
  0.7241379 | Koraikalapu Kulam
       0.75 | Vaikaliththevakulam
 0.76666665 | Karaivaikal Kulam
(7 rows)

create index trgm_idx2 on test_trgm2 using gist (t gist_trgm_ops);
set enable_seqscan=off;
select t,strict_word_similarity('Baykal',t) as sml from test_trgm2 where 'Baykal' <<% t order by sml desc, t;
                  t                  |    sml     
-------------------------------------+------------
 Baykal                              |          1
 Boloto Baykal                       |          1
 Boloto Malyy Baykal                 |          1
 Kolkhoz Krasnyy Baykal              |          1
 Ozero Baykal                        |          1
 Polevoy Stan Baykal                 |          1
 Port Baykal                         |          1
 Prud Novyy Baykal                   |          1
 Sanatoriy Baykal                    |          1
 Stantsiya Baykal                    |          1
 Zaliv Baykal                        |          1
 Baykalo-Amurskaya Zheleznaya Doroga |  0.6666667
 Baykalovo                           | 0.54545456
 Baykalsko                           | 0.54545456
 Maloye Baykalovo                    | 0.54545456
 Baykalikha                          |        0.5
 Baykalovsk                          |        0.5
(17 rows)

select t,strict_word_similarity('Kabankala',t) as sml from test_trgm2 where 'Kabankala' <<% t order by sml desc, t;
              t               |    sml    
------------------------------+-----------
 Kabankala                    |         1
 Kabankalan City Public Plaza |      0.75
 Abankala                     | 0.5833333
 Kabakala                     | 0.5833333
(4 rows)

select t,strict_word_similarity('Baykal',t) as sml from test_trgm2 where t %>> 'Baykal' order by sml desc, t;
                  t                  |    sml     
-------------------------------------+------------
 Baykal                              |          1
 Boloto Baykal                       |          1
 Boloto Malyy Baykal                 |          1
 Kolkhoz Krasnyy Baykal              |          1
 Ozero Baykal                        |          1
 Polevoy Stan Baykal                 |          1
 Port Baykal                         |          1
 Prud Novyy Baykal                   |          1
 Sanatoriy Baykal                    |          1
 Stantsiya Baykal                    |          1
 Zaliv Baykal                        |          1
 Baykalo-Amurskaya Zheleznaya Doroga |  0.6666667
 Baykalovo                           | 0.54545456
 Baykalsko                           | 0.54545456
 Maloye Baykalovo                    | 0.54545456
 Baykalikha                          |        0.5
 Baykalovsk                          |        0.5
(17 rows)

select t,strict_word_similarity('Kabankala',t) as sml from test_trgm2 where t %>> 'Kabankala' order by sml desc, t;
              t               |    sml    
------------------------------+-----------
 Kabankala                    |         1
 Kabankalan City Public Plaza |      0.75
 Abankala                     | 0.5833333
 Kabakala                     | 0.5833333
(4 rows)

explain (costs off)
select t <->>> 'Alaikallupoddakulam', t from test_trgm2 order by t <->>> 'Alaikallupoddakulam' limit 7;
                       QUERY PLAN                        
---------------------------------------------------------
 Limit
   ->  Index Scan using trgm_idx2 on test_trgm2
         Order By: (t <->>> 'Alaikallupoddakulam'::text)
(3 rows)

select t <->>> 'Alaikallupoddakulam', t from test_trgm2 order by t <->>> 'Alaikallupoddakulam' limit 7;
  ?column?  |            t             
------------+--------------------------
          0 | Alaikallupoddakulam
       0.25 | Alaikallupodda Alankulam
       0.32 | Alaikalluppodda Kulam
  0.6153846 | Mulaikallu Kulam
  0.7241379 | Koraikalapu Kulam
       0.75 | Vaikaliththevakulam
 0.76666665 | Karaivaikal Kulam
(7 rows)

drop index trgm_idx2;
create index trgm_idx2 on test_trgm2 using gin (t gin_trgm_ops);
set enable_seqscan=off;
select t,strict_word_similarity('Baykal',t) as sml from test_trgm2 where 'Baykal' <<% t order by sml desc, t;
                  t                  |    sml     
-------------------------------------+------------
 Baykal                              |          1
 Boloto Baykal                       |          1
 Boloto Malyy Baykal                 |          1
 Kolkhoz Krasnyy Baykal              |          1
 Ozero Baykal                        |          1
 Polevoy Stan Baykal                 |          1
 Port Baykal                         |          1
 Prud Novyy Baykal                   |          1
 Sanatoriy Baykal                    |          1
 Stantsiya Baykal                    |          1
 Zaliv Baykal                        |          1
 Baykalo-Amurskaya Zheleznaya Doroga |  0.6666667
 Baykalovo                           | 0.54545456
 Baykalsko                           | 0.54545456
 Maloye Baykalovo                    | 0.54545456
 Baykalikha                          |        0.5
 Baykalovsk                          |        0.5
(17 rows)

select t,strict_word_similarity('Kabankala',t) as sml from test_trgm2 where 'Kabankala' <<% t order by sml desc, t;
              t               |    sml    
------------------------------+-----------
 Kabankala                    |         1
 Kabankalan City Public Plaza |      0.75
 Abankala                     | 0.5833333
 Kabakala                     | 0.5833333
(4 rows)

select t,strict_word_similarity('Baykal',t) as sml from test_trgm2 where t %>> 'Baykal' order by sml desc, t;
                  t                  |    sml     
-------------------------------------+------------
 Baykal                              |          1
 Boloto Baykal                       |          1
 Boloto Malyy Baykal                 |          1
 Kolkhoz Krasnyy Baykal              |          1
 Ozero Baykal                        |          1
 Polevoy Stan Baykal                 |          1
 Port Baykal                         |          1
 Prud Novyy Baykal                   |          1
 Sanatoriy Baykal                    |          1
 Stantsiya Baykal                    |          1
 Zaliv Baykal                        |          1
 Baykalo-Amurskaya Zheleznaya Doroga |  0.6666667
 Baykalovo                           | 0.54545456
 Baykalsko                           | 0.54545456
 Maloye Baykalovo                    | 0.54545456
 Baykalikha                          |        0.5
 Baykalovsk                          |        0.5
(17 rows)

select t,strict_word_similarity('Kabankala',t) as sml from test_trgm2 where t %>> 'Kabankala' order by sml desc, t;
              t               |    sml    
------------------------------+-----------
 Kabankala                    |         1
 Kabankalan City Public Plaza |      0.75
 Abankala                     | 0.5833333
 Kabakala                     | 0.5833333
(4 rows)

set "pg_trgm.strict_word_similarity_threshold" to 0.4;
select t,strict_word_similarity('Baykal',t) as sml from test_trgm2 where 'Baykal' <<% t order by sml desc, t;
                  t                  |    sml     
-------------------------------------+------------
 Baykal                              |          1
 Boloto Baykal                       |          1
 Boloto Malyy Baykal                 |          1
 Kolkhoz Krasnyy Baykal              |          1
 Ozero Baykal                        |          1
 Polevoy Stan Baykal                 |          1
 Port Baykal                         |          1
 Prud Novyy Baykal                   |          1
 Sanatoriy Baykal                    |          1
 Stantsiya Baykal                    |          1
 Zaliv Baykal                        |          1
 Baykalo-Amurskaya Zheleznaya Doroga |  0.6666667
 Baykalovo                           | 0.54545456
 Baykalsko                           | 0.54545456
 Maloye Baykalovo                    | 0.54545456
 Baykalikha                          |        0.5
 Baykalovsk                          |        0.5
 Zabaykal                            | 0.45454547
 Air Bakal-kecil                     | 0.44444445
 Bakal                               | 0.44444445
 Bakal Batu                          | 0.44444445
 Bakal Dos                           | 0.44444445
 Bakal Julu                          | 0.44444445
 Bakal Khel                          | 0.44444445
 Bakal Lama                          | 0.44444445
 Bakal Tres                          | 0.44444445
 Bakal Uno                           | 0.44444445
 Daang Bakal                         | 0.44444445
 Desa Bakal                          | 0.44444445
 Eat Bakal                           | 0.44444445
 Gunung Bakal                        | 0.44444445
 Sidi Bakal                          | 0.44444445
 Stantsiya Bakal                     | 0.44444445
 Sungai Bakal                        | 0.44444445
 Talang Bakal                        | 0.44444445
 Uruk Bakal                          | 0.44444445
 Zaouia Oulad Bakal                  | 0.44444445
 Baykalovskiy                        | 0.42857143
 Baykalovskiy Rayon                  | 0.42857143
 Baikal                              |        0.4
 Baikal Airfield                     |        0.4
 Baikal Business Centre              |        0.4
 Baikal Hotel Moscow                 |        0.4
 Baikal Listvyanka Hotel             |        0.4
 Baikal Mountains                    |        0.4
 Baikal Plaza                        |        0.4
 Bajkal                              |        0.4
 Bankal                              |        0.4
 Bankal School                       |        0.4
 Barkal                              |        0.4
 Jabal Barkal                        |        0.4
 Lake Baikal                         |        0.4
 Oulad el Bakkal                     |        0.4
 Sidi Mohammed Bakkal                |        0.4
(54 rows)

select t,strict_word_similarity('Kabankala',t) as sml from test_trgm2 where 'Kabankala' <<% t order by sml desc, t;
              t               |    sml     
------------------------------+------------
 Kabankala                    |          1
 Kabankalan City Public Plaza |       0.75
 Abankala                     |  0.5833333
 Kabakala                     |  0.5833333
 Kabikala                     | 0.46153846
(5 rows)

select t,strict_word_similarity('Baykal',t) as sml from test_trgm2 where t %>> 'Baykal' order by sml desc, t;
                  t                  |    sml     
-------------------------------------+------------
 Baykal                              |          1
 Boloto Baykal                       |          1
 Boloto Malyy Baykal                 |          1
 Kolkhoz Krasnyy Baykal              |          1
 Ozero Baykal                        |          1
 Polevoy Stan Baykal                 |          1
 Port Baykal                         |          1
 Prud Novyy Baykal                   |          1
 Sanatoriy Baykal                    |          1
 Stantsiya Baykal                    |          1
 Zaliv Baykal                        |          1
 Baykalo-Amurskaya Zheleznaya Doroga |  0.6666667
 Baykalovo                           | 0.54545456
 Baykalsko                           | 0.54545456
 Maloye Baykalovo                    | 0.54545456
 Baykalikha                          |        0.5
 Baykalovsk                          |        0.5
 Zabaykal                            | 0.45454547
 Air Bakal-kecil                     | 0.44444445
 Bakal                               | 0.44444445
 Bakal Batu                          | 0.44444445
 Bakal Dos                           | 0.44444445
 Bakal Julu                          | 0.44444445
 Bakal Khel                          | 0.44444445
 Bakal Lama                          | 0.44444445
 Bakal Tres                          | 0.44444445
 Bakal Uno                           | 0.44444445
 Daang Bakal                         | 0.44444445
 Desa Bakal                          | 0.44444445
 Eat Bakal                           | 0.44444445
 Gunung Bakal                        | 0.44444445
 Sidi Bakal                          | 0.44444445
 Stantsiya Bakal                     | 0.44444445
 Sungai Bakal                        | 0.44444445
 Talang Bakal                        | 0.44444445
 Uruk Bakal                          | 0.44444445
 Zaouia Oulad Bakal                  | 0.44444445
 Baykalovskiy                        | 0.42857143
 Baykalovskiy Rayon                  | 0.42857143
 Baikal                              |        0.4
 Baikal Airfield                     |        0.4
 Baikal Business Centre              |        0.4
 Baikal Hotel Moscow                 |        0.4
 Baikal Listvyanka Hotel             |        0.4
 Baikal Mountains                    |        0.4
 Baikal Plaza                        |        0.4
 Bajkal                              |        0.4
 Bankal                              |        0.4
 Bankal School                       |        0.4
 Barkal                              |        0.4
 Jabal Barkal                        |        0.4
 Lake Baikal                         |        0.4
 Oulad el Bakkal                     |        0.4
 Sidi Mohammed Bakkal                |        0.4
(54 rows)

select t,strict_word_similarity('Kabankala',t) as sml from test_trgm2 where t %>> 'Kabankala' order by sml desc, t;
              t               |    sml     
------------------------------+------------
 Kabankala                    |          1
 Kabankalan City Public Plaza |       0.75
 Abankala                     |  0.5833333
 Kabakala                     |  0.5833333
 Kabikala                     | 0.46153846
(5 rows)

set "pg_trgm.strict_word_similarity_threshold" to 0.2;
select t,strict_word_similarity('Baykal',t) as sml from test_trgm2 where 'Baykal' <<% t order by sml desc, t;
                             t                             |    sml     
-----------------------------------------------------------+------------
 Baykal                                                    |          1
 Boloto Baykal                                             |          1
 Boloto Malyy Baykal                                       |          1
 Kolkhoz Krasnyy Baykal                                    |          1
 Ozero Baykal                                              |          1
 Polevoy Stan Baykal                                       |          1
 Port Baykal                                               |          1
 Prud Novyy Baykal                                         |          1
 Sanatoriy Baykal                                          |          1
 Stantsiya Baykal                                          |          1
 Zaliv Baykal                                              |          1
 Baykalo-Amurskaya Zheleznaya Doroga                       |  0.6666667
 Baykalovo                                                 | 0.54545456
 Baykalsko                                                 | 0.54545456
 Maloye Baykalovo                                          | 0.54545456
 Baykalikha                                                |        0.5
 Baykalovsk                                                |        0.5
 Zabaykal                                                  | 0.45454547
 Air Bakal-kecil                                           | 0.44444445
 Bakal                                                     | 0.44444445
 Bakal Batu                                                | 0.44444445
 Bakal Dos                                                 | 0.44444445
 Bakal Julu                                                | 0.44444445
 Bakal Khel                                                | 0.44444445
 Bakal Lama                                                | 0.44444445
 Bakal Tres                                                | 0.44444445
 Bakal Uno                                                 | 0.44444445
 Daang Bakal                                               | 0.44444445
 Desa Bakal                                                | 0.44444445
 Eat Bakal                                                 | 0.44444445
 Gunung Bakal                                              | 0.44444445
 Sidi Bakal                                                | 0.44444445
 Stantsiya Bakal                                           | 0.44444445
 Sungai Bakal                                              | 0.44444445
 Talang Bakal                                              | 0.44444445
 Uruk Bakal                                                | 0.44444445
 Zaouia Oulad Bakal                                        | 0.44444445
 Baykalovskiy                                              | 0.42857143
 Baykalovskiy Rayon                                        | 0.42857143
 Baikal                                                    |        0.4
 Baikal Airfield                                           |        0.4
 Baikal Business Centre                                    |        0.4
 Baikal Hotel Moscow                                       |        0.4
 Baikal Listvyanka Hotel                                   |        0.4
 Baikal Mountains                                          |        0.4
 Baikal Plaza                                              |        0.4
 Bajkal                                                    |        0.4
 Bankal                                                    |        0.4
 Bankal School                                             |        0.4
 Barkal                                                    |        0.4
 Jabal Barkal                                              |        0.4
 Lake Baikal                                               |        0.4
 Oulad el Bakkal                                           |        0.4
 Sidi Mohammed Bakkal                                      |        0.4
 Bay of Backaland                                          |      0.375
 Boikalakalawa Bay                                         |      0.375
 Waikalabubu Bay                                           |      0.375
 Bairkal                                                   | 0.36363637
 Bairkal Dhora                                             | 0.36363637
 Bairkal Jabal                                             | 0.36363637
 Batikal                                                   | 0.36363637
 Bakaleyka                                                 | 0.30769232
 Bakkalmal                                                 | 0.30769232
 Bikal                                                     |        0.3
 Al Barkali                                                |  0.2857143
 Zabaykalka                                                |  0.2857143
 Baidal                                                    | 0.27272728
 Baihal                                                    | 0.27272728
 Baipal                                                    | 0.27272728
 Bakala                                                    | 0.27272728
 Bakala Koupi                                              | 0.27272728
 Bakale                                                    | 0.27272728
 Bakali                                                    | 0.27272728
 Bakall                                                    | 0.27272728
 Bakaly                                                    | 0.27272728
 Bakaly TV Mast                                            | 0.27272728
 Buur Bakale                                               | 0.27272728
 Gory Bakaly                                               | 0.27272728
 Kusu-Bakali                                               | 0.27272728
 Kwala Bakala                                              | 0.27272728
 Mbay Bakala                                               | 0.27272728
 Ngao Bakala                                               | 0.27272728
 Sidi Mohammed el Bakali                                   | 0.27272728
 Sopka Bakaly                                              | 0.27272728
 Sungai Bakala                                             | 0.27272728
 Urochishche Bakaly                                        | 0.27272728
 Alue Bakkala                                              |       0.25
 Azib el Bakkali                                           |       0.25
 Ba Kaliin                                                 |       0.25
 Baikaluobbal                                              |       0.25
 Bakalam                                                   |       0.25
 Bakalan                                                   |       0.25
 Bakalan Barat                                             |       0.25
 Bakalan Dua                                               |       0.25
 Bakalan Kidul                                             |       0.25
 Bakalan Kulon                                             |       0.25
 Bakalan Lor                                               |       0.25
 Bakalan River                                             |       0.25
 Bakalan Tengah                                            |       0.25
 Bakalan Wetan                                             |       0.25
 Bakalao Asibi Point                                       |       0.25
 Bakalao Point                                             |       0.25
 Bakalar Air Force Base (historical)                       |       0.25
 Bakalar Lake                                              |       0.25
 Bakalar Library                                           |       0.25
 Bakalda                                                   |       0.25
 Bakaldy                                                   |       0.25
 Bakaley                                                   |       0.25
 Bakalha                                                   |       0.25
 Bakalia Char                                              |       0.25
 Bakalka                                                   |       0.25
 Bakalod Island                                            |       0.25
 Bakalou                                                   |       0.25
 Bakalua                                                   |       0.25
 Bakalum                                                   |       0.25
 Bakkala Cemetery                                          |       0.25
 Bankali                                                   |       0.25
 Barkala                                                   |       0.25
 Barkala Park                                              |       0.25
 Barkala Rao                                               |       0.25
 Barkala Reserved Forest                                   |       0.25
 Barkald                                                   |       0.25
 Barkald stasjon                                           |       0.25
 Barkale                                                   |       0.25
 Barkali                                                   |       0.25
 Baukala                                                   |       0.25
 Buur Bakaley                                              |       0.25
 Columbus Bakalar Municipal Airport                        |       0.25
 Dakshin Bakalia                                           |       0.25
 Danau Bakalan                                             |       0.25
 Desa Bakalan                                              |       0.25
 Gunung Bakalan                                            |       0.25
 Kali Bakalan                                              |       0.25
 Khrebet Batkali                                           |       0.25
 Kordon Barkalo                                            |       0.25
 Krajan Bakalan                                            |       0.25
 Ovrag Bakalda                                             |       0.25
 Pulau Bakalan                                             |       0.25
 Selat Bakalan                                             |       0.25
 Teluk Bakalan                                             |       0.25
 Tukad Bakalan                                             |       0.25
 Urochishche Batkali                                       |       0.25
 Babakale                                                  | 0.23076923
 Babakalo                                                  | 0.23076923
 Bagkalen                                                  | 0.23076923
 Bakalalan Airport                                         | 0.23076923
 Bakalang                                                  | 0.23076923
 Bakalarr                                                  | 0.23076923
 Bakalawa                                                  | 0.23076923
 Bakaldum                                                  | 0.23076923
 Bakaleko                                                  | 0.23076923
 Bakalica                                                  | 0.23076923
 Bakalino                                                  | 0.23076923
 Bakalite                                                  | 0.23076923
 Bakalovo                                                  | 0.23076923
 Bakalsen                                                  | 0.23076923
 Bakaltua Bank                                             | 0.23076923
 Bakalukalu                                                | 0.23076923
 Bakalukalu Shan                                           | 0.23076923
 Bakkalia                                                  | 0.23076923
 Bankalol                                                  | 0.23076923
 Barkaleh                                                  | 0.23076923
 Barkalne                                                  | 0.23076923
 Barkalow Hollow                                           | 0.23076923
 Bawkalut                                                  | 0.23076923
 Bawkalut Chaung                                           | 0.23076923
 Clifton T Barkalow Elementary School                      | 0.23076923
 Efrejtor Bakalovo                                         | 0.23076923
 Efreytor-Bakalovo                                         | 0.23076923
 Gora Barkalyu                                             | 0.23076923
 Ile Bakalibu                                              | 0.23076923
 Khor Bakallii                                             | 0.23076923
 Nehalla Bankalah Reserved Forest                          | 0.23076923
 Ragha Bakalzai                                            | 0.23076923
 Tanjung Batikala                                          | 0.23076923
 Teluk Bakalang                                            | 0.23076923
 Urochishche Bakalovo                                      | 0.23076923
 Banjar Kubakal                                            | 0.22222222
 Darreh Pumba Kal                                          | 0.22222222
 Zabaykalovskiy                                            | 0.22222222
 Aparthotel Adagio Premium Dubai Al Barsha                 | 0.21428572
 Babakalia                                                 | 0.21428572
 Bahkalleh                                                 | 0.21428572
 Baikalovo                                                 | 0.21428572
 Bakalaale                                                 | 0.21428572
 Bakalabwa Pans                                            | 0.21428572
 Bakalaeng                                                 | 0.21428572
 Bakalauri                                                 | 0.21428572
 Bakalbhar                                                 | 0.21428572
 Bakalbuah                                                 | 0.21428572
 Bakalerek                                                 | 0.21428572
 Bakalinga                                                 | 0.21428572
 Bakalipur                                                 | 0.21428572
 Bakaljaya                                                 | 0.21428572
 Bakalnica                                                 | 0.21428572
 Bakalongo                                                 | 0.21428572
 Bakalovka                                                 | 0.21428572
 Bakalrejo                                                 | 0.21428572
 Bakkalale                                                 | 0.21428572
 Bambakala                                                 | 0.21428572
 Bambakalo                                                 | 0.21428572
 Barkalare                                                 | 0.21428572
 Barkalden                                                 | 0.21428572
 Barkallou                                                 | 0.21428572
 Barkalova                                                 | 0.21428572
 Baskalino                                                 | 0.21428572
 Baskaltsi                                                 | 0.21428572
 Desa Bakalrejo                                            | 0.21428572
 Doubletree By Hilton Dubai Al Barsha Hotel and Res        | 0.21428572
 Doubletree By Hilton Hotel and Apartments Dubai Al Barsha | 0.21428572
 Doubletree Res.Dubai-Al Barsha                            | 0.21428572
 Gora Barkalova                                            | 0.21428572
 Holiday Inn Dubai Al Barsha                               | 0.21428572
 Novotel Dubai Al Barsha                                   | 0.21428572
 Park Inn By Radisson Dubai Al Barsha                      | 0.21428572
 Ramee Rose Hotel Dubai Al Barsha                          | 0.21428572
 Ras Barkallah                                             | 0.21428572
 Salu Bakalaeng                                            | 0.21428572
 Tanjung Bakalinga                                         | 0.21428572
 Tubu Bakalekuk                                            | 0.21428572
 Baikalakko                                                |        0.2
 Bakalauri1                                                |        0.2
 Bakalauri2                                                |        0.2
 Bakalauri3                                                |        0.2
 Bakalauri4                                                |        0.2
 Bakalauri5                                                |        0.2
 Bakalauri6                                                |        0.2
 Bakalauri7                                                |        0.2
 Bakalauri8                                                |        0.2
 Bakalauri9                                                |        0.2
 Bakaldalam                                                |        0.2
 Bakaldukuh                                                |        0.2
 Bakaloolay                                                |        0.2
 Bakalovina                                                |        0.2
 Bakalpokok                                                |        0.2
 Bakalshile                                                |        0.2
 Bakalukudu                                                |        0.2
 Bambakalia                                                |        0.2
 Barkaladja Pool                                           |        0.2
 Barkalovka                                                |        0.2
 Bavkalasis                                                |        0.2
 Gora Bakalyadyr                                           |        0.2
 Kampong Bakaladong                                        |        0.2
 Urochishche Bakalarnyn-Ayasy                              |        0.2
 Urochishche Bakaldikha                                    |        0.2
(245 rows)

select t,strict_word_similarity('Kabankala',t) as sml from test_trgm2 where 'Kabankala' <<% t order by sml desc, t;
                t                 |    sml     
----------------------------------+------------
 Kabankala                        |          1
 Kabankalan City Public Plaza     |       0.75
 Abankala                         |  0.5833333
 Kabakala                         |  0.5833333
 Kabikala                         | 0.46153846
 Ntombankala School               |      0.375
 Nehalla Bankalah Reserved Forest | 0.35714287
 Jabba Kalai                      | 0.33333334
 Kambakala                        | 0.33333334
 Ker Samba Kalla                  | 0.33333334
 Bankal                           | 0.30769232
 Bankal School                    | 0.30769232
 Kanampumba-Kalawa                | 0.30769232
 Bankali                          |  0.2857143
 Mwalaba-Kalamba                  |  0.2857143
 Tumba-Kalamba                    |  0.2857143
 Darreh Pumba Kal                 | 0.27272728
 Bankalol                         | 0.26666668
 Dabakala                         | 0.26666668
 Purba Kalaujan                   | 0.26666668
 Kali Purbakala                   |  0.2631579
 Dalabakala                       |       0.25
 Demba Kali                       |       0.25
 Gagaba Kalo                      |       0.25
 Golba Kalo                       |       0.25
 Habakkala                        |       0.25
 Kali Bakalan                     |       0.25
 Kimbakala                        |       0.25
 Kombakala                        |       0.25
 Jaba Kalle                       | 0.23529412
 Kaikalahun Indian Reserve 25     | 0.23529412
 Kwala Bakala                     | 0.23529412
 Gereba Kaler                     | 0.23076923
 Goth Soba Kaloi                  | 0.23076923
 Guba Kaldo                       | 0.23076923
 Gulba Kalle                      | 0.23076923
 Guba Kalgalaksha                 | 0.22222222
 Kalibakalako                     | 0.22222222
 Ba Kaliin                        | 0.21428572
 Bakala                           | 0.21428572
 Bakala Koupi                     | 0.21428572
 Bikala                           | 0.21428572
 Bikala Madila                    | 0.21428572
 Bugor Arba-Kalgan                | 0.21428572
 Bumba-Kaloki                     | 0.21428572
 Guba Kalita                      | 0.21428572
 Kamba-Kalele                     | 0.21428572
 Mbay Bakala                      | 0.21428572
 Ngao Bakala                      | 0.21428572
 Sungai Bakala                    | 0.21428572
 Fayzabadkala                     | 0.21052632
 Gora Fayzabadkala                | 0.21052632
 Alue Bakkala                     |        0.2
 Bakkala Cemetery                 |        0.2
 Barkala                          |        0.2
 Barkala Park                     |        0.2
 Barkala Rao                      |        0.2
 Barkala Reserved Forest          |        0.2
 Baukala                          |        0.2
 Beikala                          |        0.2
 Bomba-Kalende                    |        0.2
 Bumba-Kalumba                    |        0.2
 Haikala                          |        0.2
 Kahambikalela                    |        0.2
 Kaikalapettai                    |        0.2
 Kaikale                          |        0.2
 Laikala                          |        0.2
 Maikala Range                    |        0.2
 Matamba-Kalenga                  |        0.2
 Matamba-Kalenge                  |        0.2
 Naikala                          |        0.2
 Tumba-Kalumba                    |        0.2
 Tumba-Kalunga                    |        0.2
 Waikala                          |        0.2
(74 rows)

select t,strict_word_similarity('Baykal',t) as sml from test_trgm2 where t %>> 'Baykal' order by sml desc, t;
                             t                             |    sml     
-----------------------------------------------------------+------------
 Baykal                                                    |          1
 Boloto Baykal                                             |          1
 Boloto Malyy Baykal                                       |          1
 Kolkhoz Krasnyy Baykal                                    |          1
 Ozero Baykal                                              |          1
 Polevoy Stan Baykal                                       |          1
 Port Baykal                                               |          1
 Prud Novyy Baykal                                         |          1
 Sanatoriy Baykal                                          |          1
 Stantsiya Baykal                                          |          1
 Zaliv Baykal                                              |          1
 Baykalo-Amurskaya Zheleznaya Doroga                       |  0.6666667
 Baykalovo                                                 | 0.54545456
 Baykalsko                                                 | 0.54545456
 Maloye Baykalovo                                          | 0.54545456
 Baykalikha                                                |        0.5
 Baykalovsk                                                |        0.5
 Zabaykal                                                  | 0.45454547
 Air Bakal-kecil                                           | 0.44444445
 Bakal                                                     | 0.44444445
 Bakal Batu                                                | 0.44444445
 Bakal Dos                                                 | 0.44444445
 Bakal Julu                                                | 0.44444445
 Bakal Khel                                                | 0.44444445
 Bakal Lama                                                | 0.44444445
 Bakal Tres                                                | 0.44444445
 Bakal Uno                                                 | 0.44444445
 Daang Bakal                                               | 0.44444445
 Desa Bakal                                                | 0.44444445
 Eat Bakal                                                 | 0.44444445
 Gunung Bakal                                              | 0.44444445
 Sidi Bakal                                                | 0.44444445
 Stantsiya Bakal                                           | 0.44444445
 Sungai Bakal                                              | 0.44444445
 Talang Bakal                                              | 0.44444445
 Uruk Bakal                                                | 0.44444445
 Zaouia Oulad Bakal                                        | 0.44444445
 Baykalovskiy                                              | 0.42857143
 Baykalovskiy Rayon                                        | 0.42857143
 Baikal                                                    |        0.4
 Baikal Airfield                                           |        0.4
 Baikal Business Centre                                    |        0.4
 Baikal Hotel Moscow                                       |        0.4
 Baikal Listvyanka Hotel                                   |        0.4
 Baikal Mountains                                          |        0.4
 Baikal Plaza                                              |        0.4
 Bajkal                                                    |        0.4
 Bankal                                                    |        0.4
 Bankal School                                             |        0.4
 Barkal                                                    |        0.4
 Jabal Barkal                                              |        0.4
 Lake Baikal                                               |        0.4
 Oulad el Bakkal                                           |        0.4
 Sidi Mohammed Bakkal                                      |        0.4
 Bay of Backaland                                          |      0.375
 Boikalakalawa Bay                                         |      0.375
 Waikalabubu Bay                                           |      0.375
 Bairkal                                                   | 0.36363637
 Bairkal Dhora                                             | 0.36363637
 Bairkal Jabal                                             | 0.36363637
 Batikal                                                   | 0.36363637
 Bakaleyka                                                 | 0.30769232
 Bakkalmal                                                 | 0.30769232
 Bikal                                                     |        0.3
 Al Barkali                                                |  0.2857143
 Zabaykalka                                                |  0.2857143
 Baidal                                                    | 0.27272728
 Baihal                                                    | 0.27272728
 Baipal                                                    | 0.27272728
 Bakala                                                    | 0.27272728
 Bakala Koupi                                              | 0.27272728
 Bakale                                                    | 0.27272728
 Bakali                                                    | 0.27272728
 Bakall                                                    | 0.27272728
 Bakaly                                                    | 0.27272728
 Bakaly TV Mast                                            | 0.27272728
 Buur Bakale                                               | 0.27272728
 Gory Bakaly                                               | 0.27272728
 Kusu-Bakali                                               | 0.27272728
 Kwala Bakala                                              | 0.27272728
 Mbay Bakala                                               | 0.27272728
 Ngao Bakala                                               | 0.27272728
 Sidi Mohammed el Bakali                                   | 0.27272728
 Sopka Bakaly                                              | 0.27272728
 Sungai Bakala                                             | 0.27272728
 Urochishche Bakaly                                        | 0.27272728
 Alue Bakkala                                              |       0.25
 Azib el Bakkali                                           |       0.25
 Ba Kaliin                                                 |       0.25
 Baikaluobbal                                              |       0.25
 Bakalam                                                   |       0.25
 Bakalan                                                   |       0.25
 Bakalan Barat                                             |       0.25
 Bakalan Dua                                               |       0.25
 Bakalan Kidul                                             |       0.25
 Bakalan Kulon                                             |       0.25
 Bakalan Lor                                               |       0.25
 Bakalan River                                             |       0.25
 Bakalan Tengah                                            |       0.25
 Bakalan Wetan                                             |       0.25
 Bakalao Asibi Point                                       |       0.25
 Bakalao Point                                             |       0.25
 Bakalar Air Force Base (historical)                       |       0.25
 Bakalar Lake                                              |       0.25
 Bakalar Library                                           |       0.25
 Bakalda                                                   |       0.25
 Bakaldy                                                   |       0.25
 Bakaley                                                   |       0.25
 Bakalha                                                   |       0.25
 Bakalia Char                                              |       0.25
 Bakalka                                                   |       0.25
 Bakalod Island                                            |       0.25
 Bakalou                                                   |       0.25
 Bakalua                                                   |       0.25
 Bakalum                                                   |       0.25
 Bakkala Cemetery                                          |       0.25
 Bankali                                                   |       0.25
 Barkala                                                   |       0.25
 Barkala Park                                              |       0.25
 Barkala Rao                                               |       0.25
 Barkala Reserved Forest                                   |       0.25
 Barkald                                                   |       0.25
 Barkald stasjon                                           |       0.25
 Barkale                                                   |       0.25
 Barkali                                                   |       0.25
 Baukala                                                   |       0.25
 Buur Bakaley                                              |       0.25
 Columbus Bakalar Municipal Airport                        |       0.25
 Dakshin Bakalia                                           |       0.25
 Danau Bakalan                                             |       0.25
 Desa Bakalan                                              |       0.25
 Gunung Bakalan                                            |       0.25
 Kali Bakalan                                              |       0.25
 Khrebet Batkali                                           |       0.25
 Kordon Barkalo                                            |       0.25
 Krajan Bakalan                                            |       0.25
 Ovrag Bakalda                                             |       0.25
 Pulau Bakalan                                             |       0.25
 Selat Bakalan                                             |       0.25
 Teluk Bakalan                                             |       0.25
 Tukad Bakalan                                             |       0.25
 Urochishche Batkali                                       |       0.25
 Babakale                                                  | 0.23076923
 Babakalo                                                  | 0.23076923
 Bagkalen                                                  | 0.23076923
 Bakalalan Airport                                         | 0.23076923
 Bakalang                                                  | 0.23076923
 Bakalarr                                                  | 0.23076923
 Bakalawa                                                  | 0.23076923
 Bakaldum                                                  | 0.23076923
 Bakaleko                                                  | 0.23076923
 Bakalica                                                  | 0.23076923
 Bakalino                                                  | 0.23076923
 Bakalite                                                  | 0.23076923
 Bakalovo                                                  | 0.23076923
 Bakalsen                                                  | 0.23076923
 Bakaltua Bank                                             | 0.23076923
 Bakalukalu                                                | 0.23076923
 Bakalukalu Shan                                           | 0.23076923
 Bakkalia                                                  | 0.23076923
 Bankalol                                                  | 0.23076923
 Barkaleh                                                  | 0.23076923
 Barkalne                                                  | 0.23076923
 Barkalow Hollow                                           | 0.23076923
 Bawkalut                                                  | 0.23076923
 Bawkalut Chaung                                           | 0.23076923
 Clifton T Barkalow Elementary School                      | 0.23076923
 Efrejtor Bakalovo                                         | 0.23076923
 Efreytor-Bakalovo                                         | 0.23076923
 Gora Barkalyu                                             | 0.23076923
 Ile Bakalibu                                              | 0.23076923
 Khor Bakallii                                             | 0.23076923
 Nehalla Bankalah Reserved Forest                          | 0.23076923
 Ragha Bakalzai                                            | 0.23076923
 Tanjung Batikala                                          | 0.23076923
 Teluk Bakalang                                            | 0.23076923
 Urochishche Bakalovo                                      | 0.23076923
 Banjar Kubakal                                            | 0.22222222
 Darreh Pumba Kal                                          | 0.22222222
 Zabaykalovskiy                                            | 0.22222222
 Aparthotel Adagio Premium Dubai Al Barsha                 | 0.21428572
 Babakalia                                                 | 0.21428572
 Bahkalleh                                                 | 0.21428572
 Baikalovo                                                 | 0.21428572
 Bakalaale                                                 | 0.21428572
 Bakalabwa Pans                                            | 0.21428572
 Bakalaeng                                                 | 0.21428572
 Bakalauri                                                 | 0.21428572
 Bakalbhar                                                 | 0.21428572
 Bakalbuah                                                 | 0.21428572
 Bakalerek                                                 | 0.21428572
 Bakalinga                                                 | 0.21428572
 Bakalipur                                                 | 0.21428572
 Bakaljaya                                                 | 0.21428572
 Bakalnica                                                 | 0.21428572
 Bakalongo                                                 | 0.21428572
 Bakalovka                                                 | 0.21428572
 Bakalrejo                                                 | 0.21428572
 Bakkalale                                                 | 0.21428572
 Bambakala                                                 | 0.21428572
 Bambakalo                                                 | 0.21428572
 Barkalare                                                 | 0.21428572
 Barkalden                                                 | 0.21428572
 Barkallou                                                 | 0.21428572
 Barkalova                                                 | 0.21428572
 Baskalino                                                 | 0.21428572
 Baskaltsi                                                 | 0.21428572
 Desa Bakalrejo                                            | 0.21428572
 Doubletree By Hilton Dubai Al Barsha Hotel and Res        | 0.21428572
 Doubletree By Hilton Hotel and Apartments Dubai Al Barsha | 0.21428572
 Doubletree Res.Dubai-Al Barsha                            | 0.21428572
 Gora Barkalova                                            | 0.21428572
 Holiday Inn Dubai Al Barsha                               | 0.21428572
 Novotel Dubai Al Barsha                                   | 0.21428572
 Park Inn By Radisson Dubai Al Barsha                      | 0.21428572
 Ramee Rose Hotel Dubai Al Barsha                          | 0.21428572
 Ras Barkallah                                             | 0.21428572
 Salu Bakalaeng                                            | 0.21428572
 Tanjung Bakalinga                                         | 0.21428572
 Tubu Bakalekuk                                            | 0.21428572
 Baikalakko                                                |        0.2
 Bakalauri1                                                |        0.2
 Bakalauri2                                                |        0.2
 Bakalauri3                                                |        0.2
 Bakalauri4                                                |        0.2
 Bakalauri5                                                |        0.2
 Bakalauri6                                                |        0.2
 Bakalauri7                                                |        0.2
 Bakalauri8                                                |        0.2
 Bakalauri9                                                |        0.2
 Bakaldalam                                                |        0.2
 Bakaldukuh                                                |        0.2
 Bakaloolay                                                |        0.2
 Bakalovina                                                |        0.2
 Bakalpokok                                                |        0.2
 Bakalshile                                                |        0.2
 Bakalukudu                                                |        0.2
 Bambakalia                                                |        0.2
 Barkaladja Pool                                           |        0.2
 Barkalovka                                                |        0.2
 Bavkalasis                                                |        0.2
 Gora Bakalyadyr                                           |        0.2
 Kampong Bakaladong                                        |        0.2
 Urochishche Bakalarnyn-Ayasy                              |        0.2
 Urochishche Bakaldikha                                    |        0.2
(245 rows)

select t,strict_word_similarity('Kabankala',t) as sml from test_trgm2 where t %>> 'Kabankala' order by sml desc, t;
                t                 |    sml     
----------------------------------+------------
 Kabankala                        |          1
 Kabankalan City Public Plaza     |       0.75
 Abankala                         |  0.5833333
 Kabakala                         |  0.5833333
 Kabikala                         | 0.46153846
 Ntombankala School               |      0.375
 Nehalla Bankalah Reserved Forest | 0.35714287
 Jabba Kalai                      | 0.33333334
 Kambakala                        | 0.33333334
 Ker Samba Kalla                  | 0.33333334
 Bankal                           | 0.30769232
 Bankal School                    | 0.30769232
 Kanampumba-Kalawa                | 0.30769232
 Bankali                          |  0.2857143
 Mwalaba-Kalamba                  |  0.2857143
 Tumba-Kalamba                    |  0.2857143
 Darreh Pumba Kal                 | 0.27272728
 Bankalol                         | 0.26666668
 Dabakala                         | 0.26666668
 Purba Kalaujan                   | 0.26666668
 Kali Purbakala                   |  0.2631579
 Dalabakala                       |       0.25
 Demba Kali                       |       0.25
 Gagaba Kalo                      |       0.25
 Golba Kalo                       |       0.25
 Habakkala                        |       0.25
 Kali Bakalan                     |       0.25
 Kimbakala                        |       0.25
 Kombakala                        |       0.25
 Jaba Kalle                       | 0.23529412
 Kaikalahun Indian Reserve 25     | 0.23529412
 Kwala Bakala                     | 0.23529412
 Gereba Kaler                     | 0.23076923
 Goth Soba Kaloi                  | 0.23076923
 Guba Kaldo                       | 0.23076923
 Gulba Kalle                      | 0.23076923
 Guba Kalgalaksha                 | 0.22222222
 Kalibakalako                     | 0.22222222
 Ba Kaliin                        | 0.21428572
 Bakala                           | 0.21428572
 Bakala Koupi                     | 0.21428572
 Bikala                           | 0.21428572
 Bikala Madila                    | 0.21428572
 Bugor Arba-Kalgan                | 0.21428572
 Bumba-Kaloki                     | 0.21428572
 Guba Kalita                      | 0.21428572
 Kamba-Kalele                     | 0.21428572
 Mbay Bakala                      | 0.21428572
 Ngao Bakala                      | 0.21428572
 Sungai Bakala                    | 0.21428572
 Fayzabadkala                     | 0.21052632
 Gora Fayzabadkala                | 0.21052632
 Alue Bakkala                     |        0.2
 Bakkala Cemetery                 |        0.2
 Barkala                          |        0.2
 Barkala Park                     |        0.2
 Barkala Rao                      |        0.2
 Barkala Reserved Forest          |        0.2
 Baukala                          |        0.2
 Beikala                          |        0.2
 Bomba-Kalende                    |        0.2
 Bumba-Kalumba                    |        0.2
 Haikala                          |        0.2
 Kahambikalela                    |        0.2
 Kaikalapettai                    |        0.2
 Kaikale                          |        0.2
 Laikala                          |        0.2
 Maikala Range                    |        0.2
 Matamba-Kalenga                  |        0.2
 Matamba-Kalenge                  |        0.2
 Naikala                          |        0.2
 Tumba-Kalumba                    |        0.2
 Tumba-Kalunga                    |        0.2
 Waikala                          |        0.2
(74 rows)

