CREATE TABLE test_trgm2(t text COLLATE "C");
\copy test_trgm2 from 'data/trgm2.data'
select t,word_similarity('Baykal',t) as sml from test_trgm2 where 'Baykal' <% t order by sml desc, t;
                  t                  |    sml     
-------------------------------------+------------
 Baykal                              |          1
 Boloto Baykal                       |          1
 Boloto Malyy Baykal                 |          1
 Kolkhoz Krasnyy Baykal              |          1
 Ozero Baykal                        |          1
 Polevoy Stan Baykal                 |          1
 Port Baykal                         |          1
 Prud Novyy Baykal                   |          1
 Sanatoriy Baykal                    |          1
 Stantsiya Baykal                    |          1
 Zaliv Baykal                        |          1
 Baykalikha                          | 0.85714287
 Baykalo-Amurskaya Zheleznaya Doroga | 0.85714287
 Baykalovo                           | 0.85714287
 Baykalovsk                          | 0.85714287
 Baykalovskiy                        | 0.85714287
 Baykalovskiy Rayon                  | 0.85714287
 Baykalsko                           | 0.85714287
 Maloye Baykalovo                    | 0.85714287
 Zabaykal                            | 0.71428573
(20 rows)

select t,word_similarity('Kabankala',t) as sml from test_trgm2 where 'Kabankala' <% t order by sml desc, t;
              t               | sml 
------------------------------+-----
 Kabankala                    |   1
 Kabankalan City Public Plaza | 0.9
 Abankala                     | 0.7
 Ntombankala School           | 0.6
(4 rows)

select t,word_similarity('Baykal',t) as sml from test_trgm2 where t %> 'Baykal' order by sml desc, t;
                  t                  |    sml     
-------------------------------------+------------
 Baykal                              |          1
 Boloto Baykal                       |          1
 Boloto Malyy Baykal                 |          1
 Kolkhoz Krasnyy Baykal              |          1
 Ozero Baykal                        |          1
 Polevoy Stan Baykal                 |          1
 Port Baykal                         |          1
 Prud Novyy Baykal                   |          1
 Sanatoriy Baykal                    |          1
 Stantsiya Baykal                    |          1
 Zaliv Baykal                        |          1
 Baykalikha                          | 0.85714287
 Baykalo-Amurskaya Zheleznaya Doroga | 0.85714287
 Baykalovo                           | 0.85714287
 Baykalovsk                          | 0.85714287
 Baykalovskiy                        | 0.85714287
 Baykalovskiy Rayon                  | 0.85714287
 Baykalsko                           | 0.85714287
 Maloye Baykalovo                    | 0.85714287
 Zabaykal                            | 0.71428573
(20 rows)

select t,word_similarity('Kabankala',t) as sml from test_trgm2 where t %> 'Kabankala' order by sml desc, t;
              t               | sml 
------------------------------+-----
 Kabankala                    |   1
 Kabankalan City Public Plaza | 0.9
 Abankala                     | 0.7
 Ntombankala School           | 0.6
(4 rows)

select t <->> 'Kabankala', t from test_trgm2 order by t <->> 'Kabankala' limit 7;
  ?column?   |                t                 
-------------+----------------------------------
           0 | Kabankala
 0.100000024 | Kabankalan City Public Plaza
         0.3 | Abankala
  0.39999998 | Ntombankala School
   0.4166667 | Kabakala
         0.5 | Nehalla Bankalah Reserved Forest
  0.53846157 | Kabikala
(7 rows)

create index trgm_idx2 on test_trgm2 using gist (t gist_trgm_ops);
set enable_seqscan=off;
select t,word_similarity('Baykal',t) as sml from test_trgm2 where 'Baykal' <% t order by sml desc, t;
                  t                  |    sml     
-------------------------------------+------------
 Baykal                              |          1
 Boloto Baykal                       |          1
 Boloto Malyy Baykal                 |          1
 Kolkhoz Krasnyy Baykal              |          1
 Ozero Baykal                        |          1
 Polevoy Stan Baykal                 |          1
 Port Baykal                         |          1
 Prud Novyy Baykal                   |          1
 Sanatoriy Baykal                    |          1
 Stantsiya Baykal                    |          1
 Zaliv Baykal                        |          1
 Baykalikha                          | 0.85714287
 Baykalo-Amurskaya Zheleznaya Doroga | 0.85714287
 Baykalovo                           | 0.85714287
 Baykalovsk                          | 0.85714287
 Baykalovskiy                        | 0.85714287
 Baykalovskiy Rayon                  | 0.85714287
 Baykalsko                           | 0.85714287
 Maloye Baykalovo                    | 0.85714287
 Zabaykal                            | 0.71428573
(20 rows)

select t,word_similarity('Kabankala',t) as sml from test_trgm2 where 'Kabankala' <% t order by sml desc, t;
              t               | sml 
------------------------------+-----
 Kabankala                    |   1
 Kabankalan City Public Plaza | 0.9
 Abankala                     | 0.7
 Ntombankala School           | 0.6
(4 rows)

select t,word_similarity('Baykal',t) as sml from test_trgm2 where t %> 'Baykal' order by sml desc, t;
                  t                  |    sml     
-------------------------------------+------------
 Baykal                              |          1
 Boloto Baykal                       |          1
 Boloto Malyy Baykal                 |          1
 Kolkhoz Krasnyy Baykal              |          1
 Ozero Baykal                        |          1
 Polevoy Stan Baykal                 |          1
 Port Baykal                         |          1
 Prud Novyy Baykal                   |          1
 Sanatoriy Baykal                    |          1
 Stantsiya Baykal                    |          1
 Zaliv Baykal                        |          1
 Baykalikha                          | 0.85714287
 Baykalo-Amurskaya Zheleznaya Doroga | 0.85714287
 Baykalovo                           | 0.85714287
 Baykalovsk                          | 0.85714287
 Baykalovskiy                        | 0.85714287
 Baykalovskiy Rayon                  | 0.85714287
 Baykalsko                           | 0.85714287
 Maloye Baykalovo                    | 0.85714287
 Zabaykal                            | 0.71428573
(20 rows)

select t,word_similarity('Kabankala',t) as sml from test_trgm2 where t %> 'Kabankala' order by sml desc, t;
              t               | sml 
------------------------------+-----
 Kabankala                    |   1
 Kabankalan City Public Plaza | 0.9
 Abankala                     | 0.7
 Ntombankala School           | 0.6
(4 rows)

explain (costs off)
select t <->> 'Kabankala', t from test_trgm2 order by t <->> 'Kabankala' limit 7;
                   QUERY PLAN                   
------------------------------------------------
 Limit
   ->  Index Scan using trgm_idx2 on test_trgm2
         Order By: (t <->> 'Kabankala'::text)
(3 rows)

select t <->> 'Kabankala', t from test_trgm2 order by t <->> 'Kabankala' limit 7;
  ?column?   |                t                 
-------------+----------------------------------
           0 | Kabankala
 0.100000024 | Kabankalan City Public Plaza
         0.3 | Abankala
  0.39999998 | Ntombankala School
   0.4166667 | Kabakala
         0.5 | Nehalla Bankalah Reserved Forest
  0.53846157 | Kabikala
(7 rows)

drop index trgm_idx2;
create index trgm_idx2 on test_trgm2 using gin (t gin_trgm_ops);
set enable_seqscan=off;
select t,word_similarity('Baykal',t) as sml from test_trgm2 where 'Baykal' <% t order by sml desc, t;
                  t                  |    sml     
-------------------------------------+------------
 Baykal                              |          1
 Boloto Baykal                       |          1
 Boloto Malyy Baykal                 |          1
 Kolkhoz Krasnyy Baykal              |          1
 Ozero Baykal                        |          1
 Polevoy Stan Baykal                 |          1
 Port Baykal                         |          1
 Prud Novyy Baykal                   |          1
 Sanatoriy Baykal                    |          1
 Stantsiya Baykal                    |          1
 Zaliv Baykal                        |          1
 Baykalikha                          | 0.85714287
 Baykalo-Amurskaya Zheleznaya Doroga | 0.85714287
 Baykalovo                           | 0.85714287
 Baykalovsk                          | 0.85714287
 Baykalovskiy                        | 0.85714287
 Baykalovskiy Rayon                  | 0.85714287
 Baykalsko                           | 0.85714287
 Maloye Baykalovo                    | 0.85714287
 Zabaykal                            | 0.71428573
(20 rows)

select t,word_similarity('Kabankala',t) as sml from test_trgm2 where 'Kabankala' <% t order by sml desc, t;
              t               | sml 
------------------------------+-----
 Kabankala                    |   1
 Kabankalan City Public Plaza | 0.9
 Abankala                     | 0.7
 Ntombankala School           | 0.6
(4 rows)

select t,word_similarity('Baykal',t) as sml from test_trgm2 where t %> 'Baykal' order by sml desc, t;
                  t                  |    sml     
-------------------------------------+------------
 Baykal                              |          1
 Boloto Baykal                       |          1
 Boloto Malyy Baykal                 |          1
 Kolkhoz Krasnyy Baykal              |          1
 Ozero Baykal                        |          1
 Polevoy Stan Baykal                 |          1
 Port Baykal                         |          1
 Prud Novyy Baykal                   |          1
 Sanatoriy Baykal                    |          1
 Stantsiya Baykal                    |          1
 Zaliv Baykal                        |          1
 Baykalikha                          | 0.85714287
 Baykalo-Amurskaya Zheleznaya Doroga | 0.85714287
 Baykalovo                           | 0.85714287
 Baykalovsk                          | 0.85714287
 Baykalovskiy                        | 0.85714287
 Baykalovskiy Rayon                  | 0.85714287
 Baykalsko                           | 0.85714287
 Maloye Baykalovo                    | 0.85714287
 Zabaykal                            | 0.71428573
(20 rows)

select t,word_similarity('Kabankala',t) as sml from test_trgm2 where t %> 'Kabankala' order by sml desc, t;
              t               | sml 
------------------------------+-----
 Kabankala                    |   1
 Kabankalan City Public Plaza | 0.9
 Abankala                     | 0.7
 Ntombankala School           | 0.6
(4 rows)

set "pg_trgm.word_similarity_threshold" to 0.5;
select t,word_similarity('Baykal',t) as sml from test_trgm2 where 'Baykal' <% t order by sml desc, t;
                  t                  |    sml     
-------------------------------------+------------
 Baykal                              |          1
 Boloto Baykal                       |          1
 Boloto Malyy Baykal                 |          1
 Kolkhoz Krasnyy Baykal              |          1
 Ozero Baykal                        |          1
 Polevoy Stan Baykal                 |          1
 Port Baykal                         |          1
 Prud Novyy Baykal                   |          1
 Sanatoriy Baykal                    |          1
 Stantsiya Baykal                    |          1
 Zaliv Baykal                        |          1
 Baykalikha                          | 0.85714287
 Baykalo-Amurskaya Zheleznaya Doroga | 0.85714287
 Baykalovo                           | 0.85714287
 Baykalovsk                          | 0.85714287
 Baykalovskiy                        | 0.85714287
 Baykalovskiy Rayon                  | 0.85714287
 Baykalsko                           | 0.85714287
 Maloye Baykalovo                    | 0.85714287
 Zabaykal                            | 0.71428573
 Bakal Batu                          |  0.5714286
 Zabaykalka                          |  0.5714286
 Zabaykalovskiy                      |  0.5714286
(23 rows)

select t,word_similarity('Kabankala',t) as sml from test_trgm2 where 'Kabankala' <% t order by sml desc, t;
                t                 |    sml    
----------------------------------+-----------
 Kabankala                        |         1
 Kabankalan City Public Plaza     |       0.9
 Abankala                         |       0.7
 Ntombankala School               |       0.6
 Kabakala                         | 0.5833333
 Nehalla Bankalah Reserved Forest |       0.5
(6 rows)

select t,word_similarity('Baykal',t) as sml from test_trgm2 where t %> 'Baykal' order by sml desc, t;
                  t                  |    sml     
-------------------------------------+------------
 Baykal                              |          1
 Boloto Baykal                       |          1
 Boloto Malyy Baykal                 |          1
 Kolkhoz Krasnyy Baykal              |          1
 Ozero Baykal                        |          1
 Polevoy Stan Baykal                 |          1
 Port Baykal                         |          1
 Prud Novyy Baykal                   |          1
 Sanatoriy Baykal                    |          1
 Stantsiya Baykal                    |          1
 Zaliv Baykal                        |          1
 Baykalikha                          | 0.85714287
 Baykalo-Amurskaya Zheleznaya Doroga | 0.85714287
 Baykalovo                           | 0.85714287
 Baykalovsk                          | 0.85714287
 Baykalovskiy                        | 0.85714287
 Baykalovskiy Rayon                  | 0.85714287
 Baykalsko                           | 0.85714287
 Maloye Baykalovo                    | 0.85714287
 Zabaykal                            | 0.71428573
 Bakal Batu                          |  0.5714286
 Zabaykalka                          |  0.5714286
 Zabaykalovskiy                      |  0.5714286
(23 rows)

select t,word_similarity('Kabankala',t) as sml from test_trgm2 where t %> 'Kabankala' order by sml desc, t;
                t                 |    sml    
----------------------------------+-----------
 Kabankala                        |         1
 Kabankalan City Public Plaza     |       0.9
 Abankala                         |       0.7
 Ntombankala School               |       0.6
 Kabakala                         | 0.5833333
 Nehalla Bankalah Reserved Forest |       0.5
(6 rows)

set "pg_trgm.word_similarity_threshold" to 0.3;
select t,word_similarity('Baykal',t) as sml from test_trgm2 where 'Baykal' <% t order by sml desc, t;
                             t                             |    sml     
-----------------------------------------------------------+------------
 Baykal                                                    |          1
 Boloto Baykal                                             |          1
 Boloto Malyy Baykal                                       |          1
 Kolkhoz Krasnyy Baykal                                    |          1
 Ozero Baykal                                              |          1
 Polevoy Stan Baykal                                       |          1
 Port Baykal                                               |          1
 Prud Novyy Baykal                                         |          1
 Sanatoriy Baykal                                          |          1
 Stantsiya Baykal                                          |          1
 Zaliv Baykal                                              |          1
 Baykalikha                                                | 0.85714287
 Baykalo-Amurskaya Zheleznaya Doroga                       | 0.85714287
 Baykalovo                                                 | 0.85714287
 Baykalovsk                                                | 0.85714287
 Baykalovskiy                                              | 0.85714287
 Baykalovskiy Rayon                                        | 0.85714287
 Baykalsko                                                 | 0.85714287
 Maloye Baykalovo                                          | 0.85714287
 Zabaykal                                                  | 0.71428573
 Bakal Batu                                                |  0.5714286
 Zabaykalka                                                |  0.5714286
 Zabaykalovskiy                                            |  0.5714286
 Air Bakal-kecil                                           | 0.44444445
 Bakal                                                     | 0.44444445
 Bakal Dos                                                 | 0.44444445
 Bakal Julu                                                | 0.44444445
 Bakal Khel                                                | 0.44444445
 Bakal Lama                                                | 0.44444445
 Bakal Tres                                                | 0.44444445
 Bakal Uno                                                 | 0.44444445
 Daang Bakal                                               | 0.44444445
 Desa Bakal                                                | 0.44444445
 Eat Bakal                                                 | 0.44444445
 Gunung Bakal                                              | 0.44444445
 Sidi Bakal                                                | 0.44444445
 Stantsiya Bakal                                           | 0.44444445
 Sungai Bakal                                              | 0.44444445
 Talang Bakal                                              | 0.44444445
 Uruk Bakal                                                | 0.44444445
 Zaouia Oulad Bakal                                        | 0.44444445
 Al Barkali                                                | 0.42857143
 Aparthotel Adagio Premium Dubai Al Barsha                 | 0.42857143
 Baikal Business Centre                                    | 0.42857143
 Bay of Backaland                                          | 0.42857143
 Boikalakalawa Bay                                         | 0.42857143
 Doubletree By Hilton Dubai Al Barsha Hotel and Res        | 0.42857143
 Doubletree By Hilton Hotel and Apartments Dubai Al Barsha | 0.42857143
 Doubletree Res.Dubai-Al Barsha                            | 0.42857143
 Holiday Inn Dubai Al Barsha                               | 0.42857143
 Jabal Barkal                                              | 0.42857143
 Novotel Dubai Al Barsha                                   | 0.42857143
 Park Inn By Radisson Dubai Al Barsha                      | 0.42857143
 Ramee Rose Hotel Dubai Al Barsha                          | 0.42857143
 Waikalabubu Bay                                           | 0.42857143
 Baikal                                                    |        0.4
 Baikal Airfield                                           |        0.4
 Baikal Hotel Moscow                                       |        0.4
 Baikal Listvyanka Hotel                                   |        0.4
 Baikal Mountains                                          |        0.4
 Baikal Plaza                                              |        0.4
 Bajkal                                                    |        0.4
 Bankal                                                    |        0.4
 Bankal School                                             |        0.4
 Barkal                                                    |        0.4
 Lake Baikal                                               |        0.4
 Mbay Bakala                                               |        0.4
 Oulad el Bakkal                                           |        0.4
 Sidi Mohammed Bakkal                                      |        0.4
 Bairkal                                                   | 0.36363637
 Bairkal Dhora                                             | 0.36363637
 Bairkal Jabal                                             | 0.36363637
 Batikal                                                   | 0.36363637
 Bakala                                                    | 0.33333334
 Bakala Koupi                                              | 0.33333334
 Bakalaale                                                 | 0.33333334
 Bakalabwa Pans                                            | 0.33333334
 Bakalaeng                                                 | 0.33333334
 Bakalafoulou                                              | 0.33333334
 Bakalalan Airport                                         | 0.33333334
 Bakalam                                                   | 0.33333334
 Bakalambani                                               | 0.33333334
 Bakalan                                                   | 0.33333334
 Bakalan Barat                                             | 0.33333334
 Bakalan Dua                                               | 0.33333334
 Bakalan Kidul                                             | 0.33333334
 Bakalan Kulon                                             | 0.33333334
 Bakalan Lor                                               | 0.33333334
 Bakalan River                                             | 0.33333334
 Bakalan Tengah                                            | 0.33333334
 Bakalan Wetan                                             | 0.33333334
 Bakalang                                                  | 0.33333334
 Bakalao Asibi Point                                       | 0.33333334
 Bakalao Point                                             | 0.33333334
 Bakalar Air Force Base (historical)                       | 0.33333334
 Bakalar Lake                                              | 0.33333334
 Bakalar Library                                           | 0.33333334
 Bakalarr                                                  | 0.33333334
 Bakalauri                                                 | 0.33333334
 Bakalauri1                                                | 0.33333334
 Bakalauri2                                                | 0.33333334
 Bakalauri3                                                | 0.33333334
 Bakalauri4                                                | 0.33333334
 Bakalauri5                                                | 0.33333334
 Bakalauri6                                                | 0.33333334
 Bakalauri7                                                | 0.33333334
 Bakalauri8                                                | 0.33333334
 Bakalauri9                                                | 0.33333334
 Bakalawa                                                  | 0.33333334
 Bakalbhar                                                 | 0.33333334
 Bakalbuah                                                 | 0.33333334
 Bakalda                                                   | 0.33333334
 Bakaldalam                                                | 0.33333334
 Bakaldinskoye                                             | 0.33333334
 Bakaldovshchina                                           | 0.33333334
 Bakaldukuh                                                | 0.33333334
 Bakaldum                                                  | 0.33333334
 Bakaldy                                                   | 0.33333334
 Bakale                                                    | 0.33333334
 Bakaleko                                                  | 0.33333334
 Bakalerek                                                 | 0.33333334
 Bakaley                                                   | 0.33333334
 Bakaleyka                                                 | 0.33333334
 Bakalha                                                   | 0.33333334
 Bakali                                                    | 0.33333334
 Bakalia Char                                              | 0.33333334
 Bakalica                                                  | 0.33333334
 Bakalinga                                                 | 0.33333334
 Bakalino                                                  | 0.33333334
 Bakalinskiy                                               | 0.33333334
 Bakalinskiy Leskhoz                                       | 0.33333334
 Bakalinskiy Rayon                                         | 0.33333334
 Bakalipur                                                 | 0.33333334
 Bakalite                                                  | 0.33333334
 Bakaljaya                                                 | 0.33333334
 Bakalka                                                   | 0.33333334
 Bakall                                                    | 0.33333334
 Bakalnica                                                 | 0.33333334
 Bakalod Island                                            | 0.33333334
 Bakalongo                                                 | 0.33333334
 Bakaloolay                                                | 0.33333334
 Bakalou                                                   | 0.33333334
 Bakalovina                                                | 0.33333334
 Bakalovka                                                 | 0.33333334
 Bakalovo                                                  | 0.33333334
 Bakalovskaya Ferma                                        | 0.33333334
 Bakalpakebo                                               | 0.33333334
 Bakalpokok                                                | 0.33333334
 Bakalrejo                                                 | 0.33333334
 Bakalsen                                                  | 0.33333334
 Bakalshile                                                | 0.33333334
 Bakaltua Bank                                             | 0.33333334
 Bakalua                                                   | 0.33333334
 Bakalukalu                                                | 0.33333334
 Bakalukalu Shan                                           | 0.33333334
 Bakalukudu                                                | 0.33333334
 Bakalum                                                   | 0.33333334
 Bakaly                                                    | 0.33333334
 Bakaly TV Mast                                            | 0.33333334
 Buur Bakale                                               | 0.33333334
 Buur Bakaley                                              | 0.33333334
 Columbus Bakalar Municipal Airport                        | 0.33333334
 Dakshin Bakalia                                           | 0.33333334
 Danau Bakalan                                             | 0.33333334
 Desa Bakalan                                              | 0.33333334
 Desa Bakalankrajan                                        | 0.33333334
 Desa Bakalankrapyak                                       | 0.33333334
 Desa Bakalanpule                                          | 0.33333334
 Desa Bakalanrayung                                        | 0.33333334
 Desa Bakalanwringinpitu                                   | 0.33333334
 Desa Bakalrejo                                            | 0.33333334
 Efrejtor Bakalovo                                         | 0.33333334
 Efreytor-Bakalovo                                         | 0.33333334
 Gora Bakalyadyr                                           | 0.33333334
 Gory Bakaly                                               | 0.33333334
 Gunung Bakalan                                            | 0.33333334
 Ile Bakalibu                                              | 0.33333334
 Kali Bakalan                                              | 0.33333334
 Kampong Bakaladong                                        | 0.33333334
 Khor Bakallii                                             | 0.33333334
 Krajan Bakalan                                            | 0.33333334
 Kusu-Bakali                                               | 0.33333334
 Kwala Bakala                                              | 0.33333334
 Ngao Bakala                                               | 0.33333334
 Ovrag Bakalda                                             | 0.33333334
 Pematang Bakalpanang                                      | 0.33333334
 Pematang Bakalpanjang                                     | 0.33333334
 Pulau Bakalan                                             | 0.33333334
 Pulau Bakalanpauno                                        | 0.33333334
 Ragha Bakalzai                                            | 0.33333334
 Rodnik Bakalybulak                                        | 0.33333334
 Salu Bakalaeng                                            | 0.33333334
 Selat Bakalan                                             | 0.33333334
 Selat Bakalanpauno                                        | 0.33333334
 Sidi Mohammed el Bakali                                   | 0.33333334
 Sopka Bakaly                                              | 0.33333334
 Sovkhoz Bakalinskiy                                       | 0.33333334
 Sungai Bakala                                             | 0.33333334
 Sungai Bakaladiyan                                        | 0.33333334
 Tanjung Bakalinga                                         | 0.33333334
 Teluk Bakalan                                             | 0.33333334
 Teluk Bakalang                                            | 0.33333334
 Tubu Bakalekuk                                            | 0.33333334
 Tukad Bakalan                                             | 0.33333334
 Urochishche Bakalarnyn-Ayasy                              | 0.33333334
 Urochishche Bakaldikha                                    | 0.33333334
 Urochishche Bakalovo                                      | 0.33333334
 Urochishche Bakaly                                        | 0.33333334
 Bakkalmal                                                 | 0.30769232
 Alue Bakkala                                              |        0.3
 Azib el Bakkali                                           |        0.3
 Ba Kaliin                                                 |        0.3
 Bagkalen                                                  |        0.3
 Bahkalleh                                                 |        0.3
 Baikalakko                                                |        0.3
 Baikalovo                                                 |        0.3
 Baikaluobbal                                              |        0.3
 Bakkala Cemetery                                          |        0.3
 Bakkalale                                                 |        0.3
 Bakkalegskardet                                           |        0.3
 Bakkalia                                                  |        0.3
 Bakkalykkja                                               |        0.3
 Bankali                                                   |        0.3
 Bankalol                                                  |        0.3
 Barkala                                                   |        0.3
 Barkala Park                                              |        0.3
 Barkala Rao                                               |        0.3
 Barkala Reserved Forest                                   |        0.3
 Barkalabava                                               |        0.3
 Barkaladja Pool                                           |        0.3
 Barkalare                                                 |        0.3
 Barkald                                                   |        0.3
 Barkald stasjon                                           |        0.3
 Barkalden                                                 |        0.3
 Barkaldfossen                                             |        0.3
 Barkaldvola                                               |        0.3
 Barkale                                                   |        0.3
 Barkaleh                                                  |        0.3
 Barkaleitet                                               |        0.3
 Barkali                                                   |        0.3
 Barkallou                                                 |        0.3
 Barkalne                                                  |        0.3
 Barkalova                                                 |        0.3
 Barkalovka                                                |        0.3
 Barkalow Hollow                                           |        0.3
 Baskalino                                                 |        0.3
 Baskaltsi                                                 |        0.3
 Baukala                                                   |        0.3
 Bavkalasis                                                |        0.3
 Bawkalut                                                  |        0.3
 Bawkalut Chaung                                           |        0.3
 Bikal                                                     |        0.3
 Clifton T Barkalow Elementary School                      |        0.3
 Gora Barkalova                                            |        0.3
 Gora Barkalyu                                             |        0.3
 Khrebet Batkali                                           |        0.3
 Kordon Barkalo                                            |        0.3
 Nehalla Bankalah Reserved Forest                          |        0.3
 Ras Barkallah                                             |        0.3
 Sopka Barkaleptskaya                                      |        0.3
 Urochishche Batkali                                       |        0.3
(261 rows)

select t,word_similarity('Kabankala',t) as sml from test_trgm2 where 'Kabankala' <% t order by sml desc, t;
                t                 |    sml     
----------------------------------+------------
 Kabankala                        |          1
 Kabankalan City Public Plaza     |        0.9
 Abankala                         |        0.7
 Ntombankala School               |        0.6
 Kabakala                         |  0.5833333
 Nehalla Bankalah Reserved Forest |        0.5
 Kabikala                         | 0.46153846
 Mwalaba-Kalamba                  | 0.45454547
 Bakala Koupi                     |        0.4
 Bankal                           |        0.4
 Bankal School                    |        0.4
 Bankali                          |        0.4
 Bankalol                         |        0.4
 Jabba Kalai                      |        0.4
 Kanampumba-Kalawa                |        0.4
 Purba Kalaujan                   |        0.4
 Tumba-Kalamba                    |        0.4
 Daba Kalharereh                  | 0.36363637
 Gagaba Kalo                      | 0.36363637
 Jaba Kalle                       | 0.36363637
 Dabakala                         | 0.33333334
 Dalabakala                       | 0.33333334
 Kambakala                        | 0.33333334
 Ker Samba Kalla                  | 0.33333334
 Fayzabadkala                     | 0.30769232
 Gora Fayzabadkala                | 0.30769232
 Guba Kalgalaksha                 | 0.30769232
 Habakkala                        | 0.30769232
 Kaikalahun Indian Reserve 25     | 0.30769232
 Kaikalapettai                    | 0.30769232
 Alue Bakkala                     |        0.3
 Ambadikala                       |        0.3
 Ambakala Wewa                    |        0.3
 Ataikala                         |        0.3
 Ba Kaliin                        |        0.3
 Bakala                           |        0.3
 Bakkala Cemetery                 |        0.3
 Bambakala                        |        0.3
 Barkala                          |        0.3
 Barkala Park                     |        0.3
 Barkala Rao                      |        0.3
 Barkala Reserved Forest          |        0.3
 Baukala                          |        0.3
 Beikala                          |        0.3
 Bikala                           |        0.3
 Bikala Madila                    |        0.3
 Bomba-Kalende                    |        0.3
 Bonagbakala                      |        0.3
 Boyagbakala                      |        0.3
 Bugor Arba-Kalgan                |        0.3
 Bumba-Kaloki                     |        0.3
 Bumba-Kalumba                    |        0.3
 Darreh Pumba Kal                 |        0.3
 Demba Kali                       |        0.3
 Embatkala                        |        0.3
 Gereba Kaler                     |        0.3
 Golba Kalo                       |        0.3
 Goth Soba Kaloi                  |        0.3
 Guba Kaldo                       |        0.3
 Guba Kalita                      |        0.3
 Gulba Kalle                      |        0.3
 Haikala                          |        0.3
 Kali Bakalan                     |        0.3
 Kali Purbakala                   |        0.3
 Kalibakal                        |        0.3
 Kalibakalako                     |        0.3
 Kalimundubakalan                 |        0.3
 Kamba-Kalele                     |        0.3
 Kimbakala                        |        0.3
 Kombakala                        |        0.3
 Kwala Bakala                     |        0.3
 Laikala                          |        0.3
 Maikala Range                    |        0.3
 Mambakala                        |        0.3
 Matamba-Kalenga                  |        0.3
 Matamba-Kalenge                  |        0.3
 Mbay Bakala                      |        0.3
 Mount Tohebakala                 |        0.3
 Naikala                          |        0.3
 Ngao Bakala                      |        0.3
 Purba Kalmegha                   |        0.3
 Sungai Bakala                    |        0.3
 Tagobikala                       |        0.3
 Tanjung Batikala                 |        0.3
 Tombakala                        |        0.3
 Tsibakala                        |        0.3
 Tumba-Kalumba                    |        0.3
 Tumba-Kalunga                    |        0.3
 Waikala                          |        0.3
(89 rows)

select t,word_similarity('Baykal',t) as sml from test_trgm2 where t %> 'Baykal' order by sml desc, t;
                             t                             |    sml     
-----------------------------------------------------------+------------
 Baykal                                                    |          1
 Boloto Baykal                                             |          1
 Boloto Malyy Baykal                                       |          1
 Kolkhoz Krasnyy Baykal                                    |          1
 Ozero Baykal                                              |          1
 Polevoy Stan Baykal                                       |          1
 Port Baykal                                               |          1
 Prud Novyy Baykal                                         |          1
 Sanatoriy Baykal                                          |          1
 Stantsiya Baykal                                          |          1
 Zaliv Baykal                                              |          1
 Baykalikha                                                | 0.85714287
 Baykalo-Amurskaya Zheleznaya Doroga                       | 0.85714287
 Baykalovo                                                 | 0.85714287
 Baykalovsk                                                | 0.85714287
 Baykalovskiy                                              | 0.85714287
 Baykalovskiy Rayon                                        | 0.85714287
 Baykalsko                                                 | 0.85714287
 Maloye Baykalovo                                          | 0.85714287
 Zabaykal                                                  | 0.71428573
 Bakal Batu                                                |  0.5714286
 Zabaykalka                                                |  0.5714286
 Zabaykalovskiy                                            |  0.5714286
 Air Bakal-kecil                                           | 0.44444445
 Bakal                                                     | 0.44444445
 Bakal Dos                                                 | 0.44444445
 Bakal Julu                                                | 0.44444445
 Bakal Khel                                                | 0.44444445
 Bakal Lama                                                | 0.44444445
 Bakal Tres                                                | 0.44444445
 Bakal Uno                                                 | 0.44444445
 Daang Bakal                                               | 0.44444445
 Desa Bakal                                                | 0.44444445
 Eat Bakal                                                 | 0.44444445
 Gunung Bakal                                              | 0.44444445
 Sidi Bakal                                                | 0.44444445
 Stantsiya Bakal                                           | 0.44444445
 Sungai Bakal                                              | 0.44444445
 Talang Bakal                                              | 0.44444445
 Uruk Bakal                                                | 0.44444445
 Zaouia Oulad Bakal                                        | 0.44444445
 Al Barkali                                                | 0.42857143
 Aparthotel Adagio Premium Dubai Al Barsha                 | 0.42857143
 Baikal Business Centre                                    | 0.42857143
 Bay of Backaland                                          | 0.42857143
 Boikalakalawa Bay                                         | 0.42857143
 Doubletree By Hilton Dubai Al Barsha Hotel and Res        | 0.42857143
 Doubletree By Hilton Hotel and Apartments Dubai Al Barsha | 0.42857143
 Doubletree Res.Dubai-Al Barsha                            | 0.42857143
 Holiday Inn Dubai Al Barsha                               | 0.42857143
 Jabal Barkal                                              | 0.42857143
 Novotel Dubai Al Barsha                                   | 0.42857143
 Park Inn By Radisson Dubai Al Barsha                      | 0.42857143
 Ramee Rose Hotel Dubai Al Barsha                          | 0.42857143
 Waikalabubu Bay                                           | 0.42857143
 Baikal                                                    |        0.4
 Baikal Airfield                                           |        0.4
 Baikal Hotel Moscow                                       |        0.4
 Baikal Listvyanka Hotel                                   |        0.4
 Baikal Mountains                                          |        0.4
 Baikal Plaza                                              |        0.4
 Bajkal                                                    |        0.4
 Bankal                                                    |        0.4
 Bankal School                                             |        0.4
 Barkal                                                    |        0.4
 Lake Baikal                                               |        0.4
 Mbay Bakala                                               |        0.4
 Oulad el Bakkal                                           |        0.4
 Sidi Mohammed Bakkal                                      |        0.4
 Bairkal                                                   | 0.36363637
 Bairkal Dhora                                             | 0.36363637
 Bairkal Jabal                                             | 0.36363637
 Batikal                                                   | 0.36363637
 Bakala                                                    | 0.33333334
 Bakala Koupi                                              | 0.33333334
 Bakalaale                                                 | 0.33333334
 Bakalabwa Pans                                            | 0.33333334
 Bakalaeng                                                 | 0.33333334
 Bakalafoulou                                              | 0.33333334
 Bakalalan Airport                                         | 0.33333334
 Bakalam                                                   | 0.33333334
 Bakalambani                                               | 0.33333334
 Bakalan                                                   | 0.33333334
 Bakalan Barat                                             | 0.33333334
 Bakalan Dua                                               | 0.33333334
 Bakalan Kidul                                             | 0.33333334
 Bakalan Kulon                                             | 0.33333334
 Bakalan Lor                                               | 0.33333334
 Bakalan River                                             | 0.33333334
 Bakalan Tengah                                            | 0.33333334
 Bakalan Wetan                                             | 0.33333334
 Bakalang                                                  | 0.33333334
 Bakalao Asibi Point                                       | 0.33333334
 Bakalao Point                                             | 0.33333334
 Bakalar Air Force Base (historical)                       | 0.33333334
 Bakalar Lake                                              | 0.33333334
 Bakalar Library                                           | 0.33333334
 Bakalarr                                                  | 0.33333334
 Bakalauri                                                 | 0.33333334
 Bakalauri1                                                | 0.33333334
 Bakalauri2                                                | 0.33333334
 Bakalauri3                                                | 0.33333334
 Bakalauri4                                                | 0.33333334
 Bakalauri5                                                | 0.33333334
 Bakalauri6                                                | 0.33333334
 Bakalauri7                                                | 0.33333334
 Bakalauri8                                                | 0.33333334
 Bakalauri9                                                | 0.33333334
 Bakalawa                                                  | 0.33333334
 Bakalbhar                                                 | 0.33333334
 Bakalbuah                                                 | 0.33333334
 Bakalda                                                   | 0.33333334
 Bakaldalam                                                | 0.33333334
 Bakaldinskoye                                             | 0.33333334
 Bakaldovshchina                                           | 0.33333334
 Bakaldukuh                                                | 0.33333334
 Bakaldum                                                  | 0.33333334
 Bakaldy                                                   | 0.33333334
 Bakale                                                    | 0.33333334
 Bakaleko                                                  | 0.33333334
 Bakalerek                                                 | 0.33333334
 Bakaley                                                   | 0.33333334
 Bakaleyka                                                 | 0.33333334
 Bakalha                                                   | 0.33333334
 Bakali                                                    | 0.33333334
 Bakalia Char                                              | 0.33333334
 Bakalica                                                  | 0.33333334
 Bakalinga                                                 | 0.33333334
 Bakalino                                                  | 0.33333334
 Bakalinskiy                                               | 0.33333334
 Bakalinskiy Leskhoz                                       | 0.33333334
 Bakalinskiy Rayon                                         | 0.33333334
 Bakalipur                                                 | 0.33333334
 Bakalite                                                  | 0.33333334
 Bakaljaya                                                 | 0.33333334
 Bakalka                                                   | 0.33333334
 Bakall                                                    | 0.33333334
 Bakalnica                                                 | 0.33333334
 Bakalod Island                                            | 0.33333334
 Bakalongo                                                 | 0.33333334
 Bakaloolay                                                | 0.33333334
 Bakalou                                                   | 0.33333334
 Bakalovina                                                | 0.33333334
 Bakalovka                                                 | 0.33333334
 Bakalovo                                                  | 0.33333334
 Bakalovskaya Ferma                                        | 0.33333334
 Bakalpakebo                                               | 0.33333334
 Bakalpokok                                                | 0.33333334
 Bakalrejo                                                 | 0.33333334
 Bakalsen                                                  | 0.33333334
 Bakalshile                                                | 0.33333334
 Bakaltua Bank                                             | 0.33333334
 Bakalua                                                   | 0.33333334
 Bakalukalu                                                | 0.33333334
 Bakalukalu Shan                                           | 0.33333334
 Bakalukudu                                                | 0.33333334
 Bakalum                                                   | 0.33333334
 Bakaly                                                    | 0.33333334
 Bakaly TV Mast                                            | 0.33333334
 Buur Bakale                                               | 0.33333334
 Buur Bakaley                                              | 0.33333334
 Columbus Bakalar Municipal Airport                        | 0.33333334
 Dakshin Bakalia                                           | 0.33333334
 Danau Bakalan                                             | 0.33333334
 Desa Bakalan                                              | 0.33333334
 Desa Bakalankrajan                                        | 0.33333334
 Desa Bakalankrapyak                                       | 0.33333334
 Desa Bakalanpule                                          | 0.33333334
 Desa Bakalanrayung                                        | 0.33333334
 Desa Bakalanwringinpitu                                   | 0.33333334
 Desa Bakalrejo                                            | 0.33333334
 Efrejtor Bakalovo                                         | 0.33333334
 Efreytor-Bakalovo                                         | 0.33333334
 Gora Bakalyadyr                                           | 0.33333334
 Gory Bakaly                                               | 0.33333334
 Gunung Bakalan                                            | 0.33333334
 Ile Bakalibu                                              | 0.33333334
 Kali Bakalan                                              | 0.33333334
 Kampong Bakaladong                                        | 0.33333334
 Khor Bakallii                                             | 0.33333334
 Krajan Bakalan                                            | 0.33333334
 Kusu-Bakali                                               | 0.33333334
 Kwala Bakala                                              | 0.33333334
 Ngao Bakala                                               | 0.33333334
 Ovrag Bakalda                                             | 0.33333334
 Pematang Bakalpanang                                      | 0.33333334
 Pematang Bakalpanjang                                     | 0.33333334
 Pulau Bakalan                                             | 0.33333334
 Pulau Bakalanpauno                                        | 0.33333334
 Ragha Bakalzai                                            | 0.33333334
 Rodnik Bakalybulak                                        | 0.33333334
 Salu Bakalaeng                                            | 0.33333334
 Selat Bakalan                                             | 0.33333334
 Selat Bakalanpauno                                        | 0.33333334
 Sidi Mohammed el Bakali                                   | 0.33333334
 Sopka Bakaly                                              | 0.33333334
 Sovkhoz Bakalinskiy                                       | 0.33333334
 Sungai Bakala                                             | 0.33333334
 Sungai Bakaladiyan                                        | 0.33333334
 Tanjung Bakalinga                                         | 0.33333334
 Teluk Bakalan                                             | 0.33333334
 Teluk Bakalang                                            | 0.33333334
 Tubu Bakalekuk                                            | 0.33333334
 Tukad Bakalan                                             | 0.33333334
 Urochishche Bakalarnyn-Ayasy                              | 0.33333334
 Urochishche Bakaldikha                                    | 0.33333334
 Urochishche Bakalovo                                      | 0.33333334
 Urochishche Bakaly                                        | 0.33333334
 Bakkalmal                                                 | 0.30769232
 Alue Bakkala                                              |        0.3
 Azib el Bakkali                                           |        0.3
 Ba Kaliin                                                 |        0.3
 Bagkalen                                                  |        0.3
 Bahkalleh                                                 |        0.3
 Baikalakko                                                |        0.3
 Baikalovo                                                 |        0.3
 Baikaluobbal                                              |        0.3
 Bakkala Cemetery                                          |        0.3
 Bakkalale                                                 |        0.3
 Bakkalegskardet                                           |        0.3
 Bakkalia                                                  |        0.3
 Bakkalykkja                                               |        0.3
 Bankali                                                   |        0.3
 Bankalol                                                  |        0.3
 Barkala                                                   |        0.3
 Barkala Park                                              |        0.3
 Barkala Rao                                               |        0.3
 Barkala Reserved Forest                                   |        0.3
 Barkalabava                                               |        0.3
 Barkaladja Pool                                           |        0.3
 Barkalare                                                 |        0.3
 Barkald                                                   |        0.3
 Barkald stasjon                                           |        0.3
 Barkalden                                                 |        0.3
 Barkaldfossen                                             |        0.3
 Barkaldvola                                               |        0.3
 Barkale                                                   |        0.3
 Barkaleh                                                  |        0.3
 Barkaleitet                                               |        0.3
 Barkali                                                   |        0.3
 Barkallou                                                 |        0.3
 Barkalne                                                  |        0.3
 Barkalova                                                 |        0.3
 Barkalovka                                                |        0.3
 Barkalow Hollow                                           |        0.3
 Baskalino                                                 |        0.3
 Baskaltsi                                                 |        0.3
 Baukala                                                   |        0.3
 Bavkalasis                                                |        0.3
 Bawkalut                                                  |        0.3
 Bawkalut Chaung                                           |        0.3
 Bikal                                                     |        0.3
 Clifton T Barkalow Elementary School                      |        0.3
 Gora Barkalova                                            |        0.3
 Gora Barkalyu                                             |        0.3
 Khrebet Batkali                                           |        0.3
 Kordon Barkalo                                            |        0.3
 Nehalla Bankalah Reserved Forest                          |        0.3
 Ras Barkallah                                             |        0.3
 Sopka Barkaleptskaya                                      |        0.3
 Urochishche Batkali                                       |        0.3
(261 rows)

select t,word_similarity('Kabankala',t) as sml from test_trgm2 where t %> 'Kabankala' order by sml desc, t;
                t                 |    sml     
----------------------------------+------------
 Kabankala                        |          1
 Kabankalan City Public Plaza     |        0.9
 Abankala                         |        0.7
 Ntombankala School               |        0.6
 Kabakala                         |  0.5833333
 Nehalla Bankalah Reserved Forest |        0.5
 Kabikala                         | 0.46153846
 Mwalaba-Kalamba                  | 0.45454547
 Bakala Koupi                     |        0.4
 Bankal                           |        0.4
 Bankal School                    |        0.4
 Bankali                          |        0.4
 Bankalol                         |        0.4
 Jabba Kalai                      |        0.4
 Kanampumba-Kalawa                |        0.4
 Purba Kalaujan                   |        0.4
 Tumba-Kalamba                    |        0.4
 Daba Kalharereh                  | 0.36363637
 Gagaba Kalo                      | 0.36363637
 Jaba Kalle                       | 0.36363637
 Dabakala                         | 0.33333334
 Dalabakala                       | 0.33333334
 Kambakala                        | 0.33333334
 Ker Samba Kalla                  | 0.33333334
 Fayzabadkala                     | 0.30769232
 Gora Fayzabadkala                | 0.30769232
 Guba Kalgalaksha                 | 0.30769232
 Habakkala                        | 0.30769232
 Kaikalahun Indian Reserve 25     | 0.30769232
 Kaikalapettai                    | 0.30769232
 Alue Bakkala                     |        0.3
 Ambadikala                       |        0.3
 Ambakala Wewa                    |        0.3
 Ataikala                         |        0.3
 Ba Kaliin                        |        0.3
 Bakala                           |        0.3
 Bakkala Cemetery                 |        0.3
 Bambakala                        |        0.3
 Barkala                          |        0.3
 Barkala Park                     |        0.3
 Barkala Rao                      |        0.3
 Barkala Reserved Forest          |        0.3
 Baukala                          |        0.3
 Beikala                          |        0.3
 Bikala                           |        0.3
 Bikala Madila                    |        0.3
 Bomba-Kalende                    |        0.3
 Bonagbakala                      |        0.3
 Boyagbakala                      |        0.3
 Bugor Arba-Kalgan                |        0.3
 Bumba-Kaloki                     |        0.3
 Bumba-Kalumba                    |        0.3
 Darreh Pumba Kal                 |        0.3
 Demba Kali                       |        0.3
 Embatkala                        |        0.3
 Gereba Kaler                     |        0.3
 Golba Kalo                       |        0.3
 Goth Soba Kaloi                  |        0.3
 Guba Kaldo                       |        0.3
 Guba Kalita                      |        0.3
 Gulba Kalle                      |        0.3
 Haikala                          |        0.3
 Kali Bakalan                     |        0.3
 Kali Purbakala                   |        0.3
 Kalibakal                        |        0.3
 Kalibakalako                     |        0.3
 Kalimundubakalan                 |        0.3
 Kamba-Kalele                     |        0.3
 Kimbakala                        |        0.3
 Kombakala                        |        0.3
 Kwala Bakala                     |        0.3
 Laikala                          |        0.3
 Maikala Range                    |        0.3
 Mambakala                        |        0.3
 Matamba-Kalenga                  |        0.3
 Matamba-Kalenge                  |        0.3
 Mbay Bakala                      |        0.3
 Mount Tohebakala                 |        0.3
 Naikala                          |        0.3
 Ngao Bakala                      |        0.3
 Purba Kalmegha                   |        0.3
 Sungai Bakala                    |        0.3
 Tagobikala                       |        0.3
 Tanjung Batikala                 |        0.3
 Tombakala                        |        0.3
 Tsibakala                        |        0.3
 Tumba-Kalumba                    |        0.3
 Tumba-Kalunga                    |        0.3
 Waikala                          |        0.3
(89 rows)

